<?xml version="1.0" encoding="UTF-8"?>
<!-- Generated by org.testng.reporters.JUnitReportReporter -->
<testsuite hostname="DESKTOP-8G6OKCB" failures="0" tests="2" name="runner.TestRunner" time="8.817" errors="0" timestamp="29 Jun 2024 08:47:40 GMT">
  <testcase classname="runner.TestRunner" name="runScenario" time="7.919"/>
  <testcase classname="runner.TestRunner" name="runScenario" time="0.898"/>
</testsuite> <!-- runner.TestRunner -->
