<?xml version="1.0" encoding="UTF-8"?>
<!-- Generated by org.testng.reporters.JUnitReportReporter -->
<testsuite hostname="DESKTOP-8G6OKCB" failures="0" tests="2" name="runner.TestRunner" time="14.758" errors="0" timestamp="29 Jun 2024 06:24:27 GMT">
  <testcase classname="runner.TestRunner" name="runScenario" time="13.796"/>
  <testcase classname="runner.TestRunner" name="runScenario" time="0.962"/>
</testsuite> <!-- runner.TestRunner -->
