<?xml version="1.0" encoding="UTF-8"?>
<!-- Generated by org.testng.reporters.JUnitReportReporter -->
<testsuite hostname="DESKTOP-8G6OKCB" failures="0" tests="10" name="regression.AjaxLoaderTest" time="327.095" errors="0" timestamp="29 Jun 2024 06:32:47 GMT">
  <testcase classname="regression.AjaxLoaderTest" name="verifyAjaxLoadedComponent" time="32.748"/>
  <testcase classname="regression.AjaxLoaderTest" name="verifyAjaxLoadedComponent" time="35.983"/>
  <testcase classname="regression.AjaxLoaderTest" name="verifyAjaxLoadedComponent" time="31.319"/>
  <testcase classname="regression.AjaxLoaderTest" name="verifyAjaxLoadedComponent" time="31.627"/>
  <testcase classname="regression.AjaxLoaderTest" name="verifyAjaxLoadedComponent" time="31.733"/>
  <testcase classname="regression.AjaxLoaderTest" name="verifyAjaxLoadedComponent" time="32.016"/>
  <testcase classname="regression.AjaxLoaderTest" name="verifyAjaxLoadedComponent" time="33.817"/>
  <testcase classname="regression.AjaxLoaderTest" name="verifyAjaxLoadedComponent" time="32.174"/>
  <testcase classname="regression.AjaxLoaderTest" name="verifyAjaxLoadedComponent" time="33.981"/>
  <testcase classname="regression.AjaxLoaderTest" name="verifyAjaxLoadedComponent" time="31.697"/>
</testsuite> <!-- regression.AjaxLoaderTest -->
