<?xml version="1.0" encoding="UTF-8"?>
<testsuite xmlns:xsi="http://www.w3.org/2001/XMLSchema-instance" xsi:noNamespaceSchemaLocation="https://maven.apache.org/surefire/maven-surefire-plugin/xsd/surefire-test-report-3.0.xsd" version="3.0" name="TestSuite" time="23.314" tests="2" errors="0" skipped="0" failures="0">
  <properties>
    <property name="sun.desktop" value="windows"/>
    <property name="awt.toolkit" value="sun.awt.windows.WToolkit"/>
    <property name="java.specification.version" value="11"/>
    <property name="sun.cpu.isalist" value="amd64"/>
    <property name="sun.jnu.encoding" value="Cp1252"/>
    <property name="java.class.path" value="D:\Auto\SDET_Advanced_AssignmentsRestAssured\target\test-classes;D:\Auto\SDET_Advanced_AssignmentsRestAssured\target\classes;C:\Users\meera\.m2\repository\io\rest-assured\rest-assured\5.2.1\rest-assured-5.2.1.jar;C:\Users\meera\.m2\repository\org\apache\groovy\groovy\4.0.1\groovy-4.0.1.jar;C:\Users\meera\.m2\repository\org\apache\groovy\groovy-xml\4.0.1\groovy-xml-4.0.1.jar;C:\Users\meera\.m2\repository\org\apache\httpcomponents\httpclient\4.5.13\httpclient-4.5.13.jar;C:\Users\meera\.m2\repository\org\apache\httpcomponents\httpcore\4.4.13\httpcore-4.4.13.jar;C:\Users\meera\.m2\repository\commons-logging\commons-logging\1.2\commons-logging-1.2.jar;C:\Users\meera\.m2\repository\commons-codec\commons-codec\1.11\commons-codec-1.11.jar;C:\Users\meera\.m2\repository\org\apache\httpcomponents\httpmime\4.5.13\httpmime-4.5.13.jar;C:\Users\meera\.m2\repository\org\hamcrest\hamcrest\2.1\hamcrest-2.1.jar;C:\Users\meera\.m2\repository\org\ccil\cowan\tagsoup\tagsoup\1.2.1\tagsoup-1.2.1.jar;C:\Users\meera\.m2\repository\io\rest-assured\json-path\5.2.1\json-path-5.2.1.jar;C:\Users\meera\.m2\repository\org\apache\groovy\groovy-json\4.0.1\groovy-json-4.0.1.jar;C:\Users\meera\.m2\repository\io\rest-assured\xml-path\5.2.1\xml-path-5.2.1.jar;C:\Users\meera\.m2\repository\org\apache\commons\commons-lang3\3.11\commons-lang3-3.11.jar;C:\Users\meera\.m2\repository\io\rest-assured\json-schema-validator\5.4.0\json-schema-validator-5.4.0.jar;C:\Users\meera\.m2\repository\com\github\java-json-tools\json-schema-validator\2.2.14\json-schema-validator-2.2.14.jar;C:\Users\meera\.m2\repository\com\github\java-json-tools\jackson-coreutils-equivalence\1.0\jackson-coreutils-equivalence-1.0.jar;C:\Users\meera\.m2\repository\com\fasterxml\jackson\core\jackson-databind\2.11.0\jackson-databind-2.11.0.jar;C:\Users\meera\.m2\repository\com\fasterxml\jackson\core\jackson-annotations\2.11.0\jackson-annotations-2.11.0.jar;C:\Users\meera\.m2\repository\com\fasterxml\jackson\core\jackson-core\2.11.0\jackson-core-2.11.0.jar;C:\Users\meera\.m2\repository\com\github\java-json-tools\jackson-coreutils\2.0\jackson-coreutils-2.0.jar;C:\Users\meera\.m2\repository\com\github\java-json-tools\msg-simple\1.2\msg-simple-1.2.jar;C:\Users\meera\.m2\repository\com\github\java-json-tools\btf\1.3\btf-1.3.jar;C:\Users\meera\.m2\repository\com\github\java-json-tools\json-schema-core\1.2.14\json-schema-core-1.2.14.jar;C:\Users\meera\.m2\repository\com\github\java-json-tools\uri-template\0.10\uri-template-0.10.jar;C:\Users\meera\.m2\repository\org\mozilla\rhino\1.7.7.2\rhino-1.7.7.2.jar;C:\Users\meera\.m2\repository\com\sun\mail\mailapi\1.6.2\mailapi-1.6.2.jar;C:\Users\meera\.m2\repository\joda-time\joda-time\2.10.5\joda-time-2.10.5.jar;C:\Users\meera\.m2\repository\com\googlecode\libphonenumber\libphonenumber\8.11.1\libphonenumber-8.11.1.jar;C:\Users\meera\.m2\repository\com\google\code\findbugs\jsr305\3.0.2\jsr305-3.0.2.jar;C:\Users\meera\.m2\repository\net\sf\jopt-simple\jopt-simple\5.0.4\jopt-simple-5.0.4.jar;C:\Users\meera\.m2\repository\com\google\guava\guava\32.0.1-jre\guava-32.0.1-jre.jar;C:\Users\meera\.m2\repository\com\google\guava\failureaccess\1.0.1\failureaccess-1.0.1.jar;C:\Users\meera\.m2\repository\com\google\guava\listenablefuture\9999.0-empty-to-avoid-conflict-with-guava\listenablefuture-9999.0-empty-to-avoid-conflict-with-guava.jar;C:\Users\meera\.m2\repository\org\checkerframework\checker-qual\3.33.0\checker-qual-3.33.0.jar;C:\Users\meera\.m2\repository\com\google\errorprone\error_prone_annotations\2.18.0\error_prone_annotations-2.18.0.jar;C:\Users\meera\.m2\repository\com\google\j2objc\j2objc-annotations\2.8\j2objc-annotations-2.8.jar;C:\Users\meera\.m2\repository\io\rest-assured\rest-assured-common\5.2.1\rest-assured-common-5.2.1.jar;C:\Users\meera\.m2\repository\org\testng\testng\6.8.8\testng-6.8.8.jar;C:\Users\meera\.m2\repository\org\beanshell\bsh\2.0b4\bsh-2.0b4.jar;C:\Users\meera\.m2\repository\com\beust\jcommander\1.27\jcommander-1.27.jar;C:\Users\meera\.m2\repository\log4j\log4j\1.2.17\log4j-1.2.17.jar;C:\Users\meera\.m2\repository\io\cucumber\cucumber-java\7.4.0\cucumber-java-7.4.0.jar;C:\Users\meera\.m2\repository\io\cucumber\cucumber-core\7.4.0\cucumber-core-7.4.0.jar;C:\Users\meera\.m2\repository\io\cucumber\cucumber-gherkin\7.4.0\cucumber-gherkin-7.4.0.jar;C:\Users\meera\.m2\repository\io\cucumber\cucumber-gherkin-messages\7.4.0\cucumber-gherkin-messages-7.4.0.jar;C:\Users\meera\.m2\repository\io\cucumber\gherkin\23.0.1\gherkin-23.0.1.jar;C:\Users\meera\.m2\repository\io\cucumber\messages\18.0.0\messages-18.0.0.jar;C:\Users\meera\.m2\repository\io\cucumber\tag-expressions\4.1.0\tag-expressions-4.1.0.jar;C:\Users\meera\.m2\repository\io\cucumber\cucumber-expressions\16.0.0\cucumber-expressions-16.0.0.jar;C:\Users\meera\.m2\repository\io\cucumber\datatable\7.4.0\datatable-7.4.0.jar;C:\Users\meera\.m2\repository\io\cucumber\cucumber-plugin\7.4.0\cucumber-plugin-7.4.0.jar;C:\Users\meera\.m2\repository\io\cucumber\docstring\7.4.0\docstring-7.4.0.jar;C:\Users\meera\.m2\repository\io\cucumber\html-formatter\19.2.0\html-formatter-19.2.0.jar;C:\Users\meera\.m2\repository\io\cucumber\ci-environment\9.0.4\ci-environment-9.0.4.jar;C:\Users\meera\.m2\repository\org\apiguardian\apiguardian-api\1.1.2\apiguardian-api-1.1.2.jar;C:\Users\meera\.m2\repository\io\cucumber\cucumber-testng\7.4.0\cucumber-testng-7.4.0.jar;C:\Users\meera\.m2\repository\org\json\json\20240303\json-20240303.jar;"/>
    <property name="java.vm.vendor" value="Oracle Corporation"/>
    <property name="sun.arch.data.model" value="64"/>
    <property name="user.variant" value=""/>
    <property name="java.vendor.url" value="https://openjdk.java.net/"/>
    <property name="user.timezone" value="Asia/Calcutta"/>
    <property name="java.vm.specification.version" value="11"/>
    <property name="os.name" value="Windows 11"/>
    <property name="sun.java.launcher" value="SUN_STANDARD"/>
    <property name="user.country" value="IN"/>
    <property name="sun.boot.library.path" value="C:\Program Files\Java\jdk-11\bin"/>
    <property name="sun.java.command" value="C:\Users\meera\AppData\Local\Temp\surefire1989150927060370672\surefirebooter-20240629115402786_3.jar C:\Users\meera\AppData\Local\Temp\surefire1989150927060370672 2024-06-29T11-54-02_214-jvmRun1 surefire-20240629115402786_1tmp surefire_0-20240629115402786_2tmp"/>
    <property name="jdk.debug" value="release"/>
    <property name="surefire.test.class.path" value="D:\Auto\SDET_Advanced_AssignmentsRestAssured\target\test-classes;D:\Auto\SDET_Advanced_AssignmentsRestAssured\target\classes;C:\Users\meera\.m2\repository\io\rest-assured\rest-assured\5.2.1\rest-assured-5.2.1.jar;C:\Users\meera\.m2\repository\org\apache\groovy\groovy\4.0.1\groovy-4.0.1.jar;C:\Users\meera\.m2\repository\org\apache\groovy\groovy-xml\4.0.1\groovy-xml-4.0.1.jar;C:\Users\meera\.m2\repository\org\apache\httpcomponents\httpclient\4.5.13\httpclient-4.5.13.jar;C:\Users\meera\.m2\repository\org\apache\httpcomponents\httpcore\4.4.13\httpcore-4.4.13.jar;C:\Users\meera\.m2\repository\commons-logging\commons-logging\1.2\commons-logging-1.2.jar;C:\Users\meera\.m2\repository\commons-codec\commons-codec\1.11\commons-codec-1.11.jar;C:\Users\meera\.m2\repository\org\apache\httpcomponents\httpmime\4.5.13\httpmime-4.5.13.jar;C:\Users\meera\.m2\repository\org\hamcrest\hamcrest\2.1\hamcrest-2.1.jar;C:\Users\meera\.m2\repository\org\ccil\cowan\tagsoup\tagsoup\1.2.1\tagsoup-1.2.1.jar;C:\Users\meera\.m2\repository\io\rest-assured\json-path\5.2.1\json-path-5.2.1.jar;C:\Users\meera\.m2\repository\org\apache\groovy\groovy-json\4.0.1\groovy-json-4.0.1.jar;C:\Users\meera\.m2\repository\io\rest-assured\xml-path\5.2.1\xml-path-5.2.1.jar;C:\Users\meera\.m2\repository\org\apache\commons\commons-lang3\3.11\commons-lang3-3.11.jar;C:\Users\meera\.m2\repository\io\rest-assured\json-schema-validator\5.4.0\json-schema-validator-5.4.0.jar;C:\Users\meera\.m2\repository\com\github\java-json-tools\json-schema-validator\2.2.14\json-schema-validator-2.2.14.jar;C:\Users\meera\.m2\repository\com\github\java-json-tools\jackson-coreutils-equivalence\1.0\jackson-coreutils-equivalence-1.0.jar;C:\Users\meera\.m2\repository\com\fasterxml\jackson\core\jackson-databind\2.11.0\jackson-databind-2.11.0.jar;C:\Users\meera\.m2\repository\com\fasterxml\jackson\core\jackson-annotations\2.11.0\jackson-annotations-2.11.0.jar;C:\Users\meera\.m2\repository\com\fasterxml\jackson\core\jackson-core\2.11.0\jackson-core-2.11.0.jar;C:\Users\meera\.m2\repository\com\github\java-json-tools\jackson-coreutils\2.0\jackson-coreutils-2.0.jar;C:\Users\meera\.m2\repository\com\github\java-json-tools\msg-simple\1.2\msg-simple-1.2.jar;C:\Users\meera\.m2\repository\com\github\java-json-tools\btf\1.3\btf-1.3.jar;C:\Users\meera\.m2\repository\com\github\java-json-tools\json-schema-core\1.2.14\json-schema-core-1.2.14.jar;C:\Users\meera\.m2\repository\com\github\java-json-tools\uri-template\0.10\uri-template-0.10.jar;C:\Users\meera\.m2\repository\org\mozilla\rhino\1.7.7.2\rhino-1.7.7.2.jar;C:\Users\meera\.m2\repository\com\sun\mail\mailapi\1.6.2\mailapi-1.6.2.jar;C:\Users\meera\.m2\repository\joda-time\joda-time\2.10.5\joda-time-2.10.5.jar;C:\Users\meera\.m2\repository\com\googlecode\libphonenumber\libphonenumber\8.11.1\libphonenumber-8.11.1.jar;C:\Users\meera\.m2\repository\com\google\code\findbugs\jsr305\3.0.2\jsr305-3.0.2.jar;C:\Users\meera\.m2\repository\net\sf\jopt-simple\jopt-simple\5.0.4\jopt-simple-5.0.4.jar;C:\Users\meera\.m2\repository\com\google\guava\guava\32.0.1-jre\guava-32.0.1-jre.jar;C:\Users\meera\.m2\repository\com\google\guava\failureaccess\1.0.1\failureaccess-1.0.1.jar;C:\Users\meera\.m2\repository\com\google\guava\listenablefuture\9999.0-empty-to-avoid-conflict-with-guava\listenablefuture-9999.0-empty-to-avoid-conflict-with-guava.jar;C:\Users\meera\.m2\repository\org\checkerframework\checker-qual\3.33.0\checker-qual-3.33.0.jar;C:\Users\meera\.m2\repository\com\google\errorprone\error_prone_annotations\2.18.0\error_prone_annotations-2.18.0.jar;C:\Users\meera\.m2\repository\com\google\j2objc\j2objc-annotations\2.8\j2objc-annotations-2.8.jar;C:\Users\meera\.m2\repository\io\rest-assured\rest-assured-common\5.2.1\rest-assured-common-5.2.1.jar;C:\Users\meera\.m2\repository\org\testng\testng\6.8.8\testng-6.8.8.jar;C:\Users\meera\.m2\repository\org\beanshell\bsh\2.0b4\bsh-2.0b4.jar;C:\Users\meera\.m2\repository\com\beust\jcommander\1.27\jcommander-1.27.jar;C:\Users\meera\.m2\repository\log4j\log4j\1.2.17\log4j-1.2.17.jar;C:\Users\meera\.m2\repository\io\cucumber\cucumber-java\7.4.0\cucumber-java-7.4.0.jar;C:\Users\meera\.m2\repository\io\cucumber\cucumber-core\7.4.0\cucumber-core-7.4.0.jar;C:\Users\meera\.m2\repository\io\cucumber\cucumber-gherkin\7.4.0\cucumber-gherkin-7.4.0.jar;C:\Users\meera\.m2\repository\io\cucumber\cucumber-gherkin-messages\7.4.0\cucumber-gherkin-messages-7.4.0.jar;C:\Users\meera\.m2\repository\io\cucumber\gherkin\23.0.1\gherkin-23.0.1.jar;C:\Users\meera\.m2\repository\io\cucumber\messages\18.0.0\messages-18.0.0.jar;C:\Users\meera\.m2\repository\io\cucumber\tag-expressions\4.1.0\tag-expressions-4.1.0.jar;C:\Users\meera\.m2\repository\io\cucumber\cucumber-expressions\16.0.0\cucumber-expressions-16.0.0.jar;C:\Users\meera\.m2\repository\io\cucumber\datatable\7.4.0\datatable-7.4.0.jar;C:\Users\meera\.m2\repository\io\cucumber\cucumber-plugin\7.4.0\cucumber-plugin-7.4.0.jar;C:\Users\meera\.m2\repository\io\cucumber\docstring\7.4.0\docstring-7.4.0.jar;C:\Users\meera\.m2\repository\io\cucumber\html-formatter\19.2.0\html-formatter-19.2.0.jar;C:\Users\meera\.m2\repository\io\cucumber\ci-environment\9.0.4\ci-environment-9.0.4.jar;C:\Users\meera\.m2\repository\org\apiguardian\apiguardian-api\1.1.2\apiguardian-api-1.1.2.jar;C:\Users\meera\.m2\repository\io\cucumber\cucumber-testng\7.4.0\cucumber-testng-7.4.0.jar;C:\Users\meera\.m2\repository\org\json\json\20240303\json-20240303.jar;"/>
    <property name="sun.cpu.endian" value="little"/>
    <property name="user.home" value="C:\Users\meera"/>
    <property name="user.language" value="en"/>
    <property name="java.specification.vendor" value="Oracle Corporation"/>
    <property name="java.version.date" value="2023-01-17"/>
    <property name="java.home" value="C:\Program Files\Java\jdk-11"/>
    <property name="file.separator" value="\"/>
    <property name="basedir" value="D:\Auto\SDET_Advanced_AssignmentsRestAssured"/>
    <property name="java.vm.compressedOopsMode" value="32-bit"/>
    <property name="line.separator" value="&#10;"/>
    <property name="java.specification.name" value="Java Platform API Specification"/>
    <property name="java.vm.specification.vendor" value="Oracle Corporation"/>
    <property name="java.awt.graphicsenv" value="sun.awt.Win32GraphicsEnvironment"/>
    <property name="surefire.real.class.path" value="C:\Users\meera\AppData\Local\Temp\surefire1989150927060370672\surefirebooter-20240629115402786_3.jar"/>
    <property name="user.script" value=""/>
    <property name="sun.management.compiler" value="HotSpot 64-Bit Tiered Compilers"/>
    <property name="java.runtime.version" value="11.0.18+9-LTS-195"/>
    <property name="user.name" value="meera"/>
    <property name="path.separator" value=";"/>
    <property name="os.version" value="10.0"/>
    <property name="java.runtime.name" value="Java(TM) SE Runtime Environment"/>
    <property name="file.encoding" value="UTF-8"/>
    <property name="java.vm.name" value="Java HotSpot(TM) 64-Bit Server VM"/>
    <property name="java.vendor.version" value="18.9"/>
    <property name="localRepository" value="C:\Users\meera\.m2\repository"/>
    <property name="java.vendor.url.bug" value="https://bugreport.java.com/bugreport/"/>
    <property name="java.io.tmpdir" value="C:\Users\meera\AppData\Local\Temp\"/>
    <property name="java.version" value="11.0.18"/>
    <property name="user.dir" value="D:\Auto\SDET_Advanced_AssignmentsRestAssured"/>
    <property name="os.arch" value="amd64"/>
    <property name="java.vm.specification.name" value="Java Virtual Machine Specification"/>
    <property name="java.awt.printerjob" value="sun.awt.windows.WPrinterJob"/>
    <property name="sun.os.patch.level" value=""/>
    <property name="java.library.path" value="C:\Program Files\Java\jdk-11\bin;C:\WINDOWS\Sun\Java\bin;C:\WINDOWS\system32;C:\WINDOWS;C:\Program Files\Java\jdk-17\jdk1.8.0_291\bin;C:\Program Files\Java\jdk-17\jdk1.8.0_291\jre;C:\WINDOWS\system32;C:\WINDOWS;C:\WINDOWS\System32\Wbem;C:\WINDOWS\System32\WindowsPowerShell\v1.0\;C:\WINDOWS\System32\OpenSSH\;C:\Program Files\Git\cmd;D:\Software\apache-maven-3.9.6\bin;C:\Program Files\dotnet\;C:\Program Files\PuTTY\;C:\Program Files\Amazon\AWSCLIV2\;C:\Users\meera\.jenkins\bin;C:\Program Files\Docker\Docker\resources\bin;C:\Program Files\nodejs\;C:\Users\meera\AppData\Local\Programs\Python\Python39\Scripts\;C:\Users\meera\AppData\Local\Programs\Python\Python39\;C:\Users\meera\AppData\Local\Microsoft\WindowsApps;C:\Program Files\Java\jdk-11\bin;C:\Program Files\JetBrains\PyCharm 2021.2\bin;;C:\Users\meera\AppData\Local\GitHubDesktop\bin;C:\Users\meera\AppData\Local\Programs\Microsoft VS Code\bin;C:\Program Files\JetBrains\IntelliJ IDEA Community Edition 2023.2.3\bin;;C:\Users\meera\AppData\Roaming\npm;."/>
    <property name="java.vendor" value="Oracle Corporation"/>
    <property name="java.vm.info" value="mixed mode"/>
    <property name="java.vm.version" value="11.0.18+9-LTS-195"/>
    <property name="sun.io.unicode.encoding" value="UnicodeLittle"/>
    <property name="java.class.version" value="55.0"/>
  </properties>
  <testcase name="runScenario[&quot;Authorized user able to get user details&quot;, &quot;Login to regres.in&quot;](1)" classname="runner.TestRunner" time="15.234">
    <system-out><![CDATA[
Scenario Outline: Authorized user able to get user details                                                           # src/test/features/UserUpdate.feature:13
06-29-2024 11:54:08 Hooks.java INFO  [pool-2-thread-1] stepDefinition.BaseClass 10 - Log4j initiated
  Given Url is given "BASE_URL"                                                                                      # org.reqres.stepDefinition.UserUpdate.url_is_given(java.lang.String)
{
    "data": {
        "id": 2,
        "email": "janet.weaver@reqres.in",
        "first_name": "Janet",
        "last_name": "Weaver",
        "avatar": "https://reqres.in/img/faces/2-image.jpg"
    },
    "support": {
        "url": "https://reqres.in/#support-heading",
        "text": "To keep ReqRes free, contributions towards server costs are appreciated!"
    }
}
  When System gets user ID 2                                                                                         # org.reqres.stepDefinition.UserUpdate.system_gets_user(java.lang.Integer)
06-29-2024 11:54:17 CommonFunctions.java INFO  [pool-2-thread-1] utils.CommonFunctions 79 - Response Code as expected200
06-29-2024 11:54:17 UserUpdate.java INFO  [pool-2-thread-1] stepDefinition.UserUpdate 31 - User Exist
  Then System verifies user exist 200                                                                                # org.reqres.stepDefinition.UserUpdate.verify_the_response_code(java.lang.Integer)
06-29-2024 11:54:21 UserUpdate.java INFO  [pool-2-thread-1] stepDefinition.UserUpdate 39 - 2
janet.weaver@reqres.in
Janet
Janet

06-29-2024 11:54:21 CommonFunctions.java INFO  [pool-2-thread-1] utils.CommonFunctions 55 - IDas expected
06-29-2024 11:54:21 CommonFunctions.java INFO  [pool-2-thread-1] utils.CommonFunctions 63 - Emailas expected
06-29-2024 11:54:21 CommonFunctions.java INFO  [pool-2-thread-1] utils.CommonFunctions 63 - FirstNameas expected
06-29-2024 11:54:21 CommonFunctions.java INFO  [pool-2-thread-1] utils.CommonFunctions 63 - LastNameas expected
06-29-2024 11:54:21 UserUpdate.java INFO  [pool-2-thread-1] stepDefinition.UserUpdate 44 - Get User Details Completed
  Then The response will return ID 2 and email "janet.weaver@reqres.in" and first name "Janet" and last name "Janet" # org.reqres.stepDefinition.UserUpdate.verify_the_user_details(java.lang.Integer,java.lang.String,java.lang.String,java.lang.String)
06-29-2024 11:54:21 Hooks.java INFO  [pool-2-thread-1] stepDefinition.BaseClass 18 -  Test Ended 
]]></system-out>
    <system-err><![CDATA[log4j:WARN No appenders could be found for logger (utils.ConfigFileReader).
log4j:WARN Please initialize the log4j system properly.
log4j:WARN See http://logging.apache.org/log4j/1.2/faq.html#noconfig for more info.
]]></system-err>
  </testcase>
  <testcase name="runScenario[&quot;Authorized user update user details&quot;, &quot;Login to regres.in&quot;](2)" classname="runner.TestRunner" time="0.214">
    <system-out><![CDATA[
Scenario Outline: Authorized user update user details                                 # src/test/features/UserUpdate.feature:22
06-29-2024 11:54:21 Hooks.java INFO  [pool-2-thread-1] stepDefinition.BaseClass 14 -  Test Started Starting 
06-29-2024 11:54:21 Hooks.java INFO  [pool-2-thread-1] stepDefinition.BaseClass 10 - Log4j initiated
  Given Url is given "BASE_URL"                                                       # org.reqres.stepDefinition.UserUpdate.url_is_given(java.lang.String)
{
    "name": "API Demo",
    "job": "API Tester",
    "updatedAt": "2024-06-29T06:24:21.866Z"
}
  When System updates user details name "API Demo" and job "API Tester" for user ID 2 # org.reqres.stepDefinition.UserUpdate.system_updates_user_details(java.lang.String,java.lang.String,java.lang.Integer)
06-29-2024 11:54:21 CommonFunctions.java INFO  [pool-2-thread-1] utils.CommonFunctions 79 - Response Code as expected200
06-29-2024 11:54:21 UserUpdate.java INFO  [pool-2-thread-1] stepDefinition.UserUpdate 31 - User Exist
  Then System verifies user exist 200                                                 # org.reqres.stepDefinition.UserUpdate.verify_the_response_code(java.lang.Integer)
06-29-2024 11:54:22 UserUpdate.java INFO  [pool-2-thread-1] stepDefinition.UserUpdate 57 - API Demo
API Tester
2024-06-29T06:24:21.866Z

06-29-2024 11:54:22 CommonFunctions.java INFO  [pool-2-thread-1] utils.CommonFunctions 63 - Nameas expected
06-29-2024 11:54:22 CommonFunctions.java INFO  [pool-2-thread-1] utils.CommonFunctions 63 - Jobas expected
06-29-2024 11:54:22 CommonFunctions.java INFO  [pool-2-thread-1] utils.CommonFunctions 71 - UpdatedAtvalue: 2024-06-29T06:24:21.866Zas expected
06-29-2024 11:54:22 UserUpdate.java INFO  [pool-2-thread-1] stepDefinition.UserUpdate 62 - Update User Details Completed
  Then The response will return name "API Demo" and job "API Tester" and updatedAt    # org.reqres.stepDefinition.UserUpdate.verify_the_user_details(java.lang.String,java.lang.String)
06-29-2024 11:54:22 Hooks.java INFO  [pool-2-thread-1] stepDefinition.BaseClass 18 -  Test Ended 
]]></system-out>
  </testcase>
</testsuite>