<?xml version="1.0" encoding="UTF-8"?>
<!-- Generated by org.testng.reporters.JUnitReportReporter -->
<testsuite hostname="DESKTOP-8G6OKCB" failures="0" tests="10" name="regression.AjaxLoaderTest" time="325.114" errors="0" timestamp="29 Jun 2024 08:51:07 GMT">
  <testcase classname="regression.AjaxLoaderTest" name="verifyAjaxLoadedComponent" time="31.696"/>
  <testcase classname="regression.AjaxLoaderTest" name="verifyAjaxLoadedComponent" time="33.244"/>
  <testcase classname="regression.AjaxLoaderTest" name="verifyAjaxLoadedComponent" time="31.800"/>
  <testcase classname="regression.AjaxLoaderTest" name="verifyAjaxLoadedComponent" time="32.215"/>
  <testcase classname="regression.AjaxLoaderTest" name="verifyAjaxLoadedComponent" time="32.334"/>
  <testcase classname="regression.AjaxLoaderTest" name="verifyAjaxLoadedComponent" time="32.887"/>
  <testcase classname="regression.AjaxLoaderTest" name="verifyAjaxLoadedComponent" time="35.355"/>
  <testcase classname="regression.AjaxLoaderTest" name="verifyAjaxLoadedComponent" time="32.106"/>
  <testcase classname="regression.AjaxLoaderTest" name="verifyAjaxLoadedComponent" time="30.522"/>
  <testcase classname="regression.AjaxLoaderTest" name="verifyAjaxLoadedComponent" time="32.955"/>
</testsuite> <!-- regression.AjaxLoaderTest -->
