<?xml version="1.0" encoding="UTF-8"?>
<!-- Generated by org.testng.reporters.JUnitReportReporter -->
<testsuite hostname="DESKTOP-8G6OKCB" failures="0" tests="1" name="runner.TestRunner" time="32.786" errors="0" timestamp="29 Jun 2024 08:45:05 GMT">
  <testcase classname="runner.TestRunner" name="runScenario" time="32.786"/>
</testsuite> <!-- runner.TestRunner -->
