<?xml version="1.0" encoding="UTF-8"?>
<!-- Generated by org.testng.reporters.JUnitReportReporter -->
<testsuite hostname="DESKTOP-8G6OKCB" failures="0" tests="1" name="runner.TestRunner" time="44.766" errors="0" timestamp="29 Jun 2024 06:26:49 GMT">
  <testcase classname="runner.TestRunner" name="runScenario" time="44.766"/>
</testsuite> <!-- runner.TestRunner -->
